<?xml version="1.0" encoding="UTF-8"?>
<!-- Generated by org.testng.reporters.JUnitXMLReporter -->
<testsuite ignored="6" hostname="DESKTOP-89ALS6Q" failures="0" tests="5" name="Test" time="58.794" errors="0" timestamp="2020-05-06T00:43:31 CDT">
  <testcase classname="com.internetBanking.testCases.TC_LoginTest_001" name="loginTest" time="5.077"/>
  <testcase classname="com.internetBanking.testCases.TC_LoginDDT_002" name="loginDDT" time="8.888"/>
  <testcase classname="com.internetBanking.testCases.TC_LoginDDT_002" name="loginDDT" time="8.017"/>
  <testcase classname="com.internetBanking.testCases.TC_AddCustomerTest_003" name="addNewCustomer" time="16.337"/>
  <testcase classname="com.internetBanking.testCases.TC_EditCustomerTest_004" name="editCustomer" time="4.818"/>
  <testcase classname="com.internetBanking.testCases.BaseClass" name="@BeforeTest setup" time="0.0">
    <ignored/>
  </testcase> <!-- @BeforeTest setup -->
  <testcase classname="com.internetBanking.testCases.BaseClass" name="@BeforeTest setup" time="0.0">
    <ignored/>
  </testcase> <!-- @BeforeTest setup -->
  <testcase classname="com.internetBanking.testCases.BaseClass" name="@BeforeTest setup" time="0.0">
    <ignored/>
  </testcase> <!-- @BeforeTest setup -->
  <testcase classname="com.internetBanking.testCases.BaseClass" name="@AfterTest tearDown" time="0.0">
    <ignored/>
  </testcase> <!-- @AfterTest tearDown -->
  <testcase classname="com.internetBanking.testCases.BaseClass" name="@AfterTest tearDown" time="0.0">
    <ignored/>
  </testcase> <!-- @AfterTest tearDown -->
  <testcase classname="com.internetBanking.testCases.BaseClass" name="@AfterTest tearDown" time="0.0">
    <ignored/>
  </testcase> <!-- @AfterTest tearDown -->
</testsuite> <!-- Test -->
