<?xml version="1.0" encoding="UTF-8"?>
<!-- Generated by org.testng.reporters.JUnitXMLReporter -->
<testsuite ignored="4" hostname="DESKTOP-89ALS6Q" failures="4" tests="7" name="Test" time="57.862" errors="0" timestamp="2020-05-04T18:29:03 CDT">
  <testcase classname="com.internetBanking.testCases.TC_LoginTest_001" name="loginTest" time="6.974"/>
  <testcase classname="com.internetBanking.testCases.TC_LoginDDT_002" name="loginDDT" time="4.646">
    <failure type="java.lang.AssertionError" message="expected [true] but found [false]">
      <![CDATA[java.lang.AssertionError: expected [true] but found [false]
at com.internetBanking.testCases.TC_LoginDDT_002.loginDDT(TC_LoginDDT_002.java:31)
at java.base/java.util.ArrayList.forEach(ArrayList.java:1540)
... Removed 35 stack frames]]>
    </failure>
  </testcase> <!-- loginDDT -->
  <testcase classname="com.internetBanking.testCases.TC_LoginDDT_002" name="loginDDT" time="4.321">
    <failure type="java.lang.AssertionError" message="expected [true] but found [false]">
      <![CDATA[java.lang.AssertionError: expected [true] but found [false]
at com.internetBanking.testCases.TC_LoginDDT_002.loginDDT(TC_LoginDDT_002.java:31)
at java.base/java.util.ArrayList.forEach(ArrayList.java:1540)
... Removed 35 stack frames]]>
    </failure>
  </testcase> <!-- loginDDT -->
  <testcase classname="com.internetBanking.testCases.TC_LoginDDT_002" name="loginDDT" time="7.84"/>
  <testcase classname="com.internetBanking.testCases.TC_LoginDDT_002" name="loginDDT" time="3.971">
    <failure type="java.lang.AssertionError" message="expected [true] but found [false]">
      <![CDATA[java.lang.AssertionError: expected [true] but found [false]
at com.internetBanking.testCases.TC_LoginDDT_002.loginDDT(TC_LoginDDT_002.java:31)
at java.base/java.util.ArrayList.forEach(ArrayList.java:1540)
... Removed 35 stack frames]]>
    </failure>
  </testcase> <!-- loginDDT -->
  <testcase classname="com.internetBanking.testCases.TC_LoginDDT_002" name="loginDDT" time="3.964">
    <failure type="java.lang.AssertionError" message="expected [true] but found [false]">
      <![CDATA[java.lang.AssertionError: expected [true] but found [false]
at com.internetBanking.testCases.TC_LoginDDT_002.loginDDT(TC_LoginDDT_002.java:31)
at java.base/java.util.ArrayList.forEach(ArrayList.java:1540)
... Removed 35 stack frames]]>
    </failure>
  </testcase> <!-- loginDDT -->
  <testcase classname="com.internetBanking.testCases.TC_AddCustomerTest_003" name="addNewCustomer" time="15.177"/>
  <testcase classname="com.internetBanking.testCases.BaseClass" name="@BeforeTest setup" time="0.0">
    <ignored/>
  </testcase> <!-- @BeforeTest setup -->
  <testcase classname="com.internetBanking.testCases.BaseClass" name="@BeforeTest setup" time="0.0">
    <ignored/>
  </testcase> <!-- @BeforeTest setup -->
  <testcase classname="com.internetBanking.testCases.BaseClass" name="@AfterTest tearDown" time="0.0">
    <ignored/>
  </testcase> <!-- @AfterTest tearDown -->
  <testcase classname="com.internetBanking.testCases.BaseClass" name="@AfterTest tearDown" time="0.0">
    <ignored/>
  </testcase> <!-- @AfterTest tearDown -->
</testsuite> <!-- Test -->
