<?xml version="1.0" encoding="UTF-8"?>
<!-- Generated by org.testng.reporters.JUnitXMLReporter -->
<testsuite ignored="0" hostname="DESKTOP-89ALS6Q" failures="1" tests="1" name="Test" time="0.075" errors="0" timestamp="2020-04-30T14:58:51 CDT">
  <testcase classname="com.internetBanking.testCases.TC_LoginTest_001" name="loginTest" time="0.01">
    <failure type="java.lang.NullPointerException">
      <![CDATA[java.lang.NullPointerException
at com.internetBanking.testCases.TC_LoginTest_001.loginTest(TC_LoginTest_001.java:15)
at java.base/java.util.ArrayList.forEach(ArrayList.java:1540)
... Removed 27 stack frames]]>
    </failure>
  </testcase> <!-- loginTest -->
</testsuite> <!-- Test -->
