<?xml version="1.0" encoding="UTF-8"?>
<!-- Generated by org.testng.reporters.JUnitXMLReporter -->
<testsuite ignored="4" hostname="DESKTOP-89ALS6Q" failures="0" tests="4" name="Test" time="47.263" errors="0" timestamp="2020-05-04T20:37:10 CDT">
  <testcase classname="com.internetBanking.testCases.TC_LoginTest_001" name="loginTest" time="6.822"/>
  <testcase classname="com.internetBanking.testCases.TC_LoginDDT_002" name="loginDDT" time="7.802"/>
  <testcase classname="com.internetBanking.testCases.TC_LoginDDT_002" name="loginDDT" time="7.831"/>
  <testcase classname="com.internetBanking.testCases.TC_AddCustomerTest_003" name="addNewCustomer" time="14.52"/>
  <testcase classname="com.internetBanking.testCases.BaseClass" name="@BeforeTest setup" time="0.0">
    <ignored/>
  </testcase> <!-- @BeforeTest setup -->
  <testcase classname="com.internetBanking.testCases.BaseClass" name="@BeforeTest setup" time="0.0">
    <ignored/>
  </testcase> <!-- @BeforeTest setup -->
  <testcase classname="com.internetBanking.testCases.BaseClass" name="@AfterTest tearDown" time="0.0">
    <ignored/>
  </testcase> <!-- @AfterTest tearDown -->
  <testcase classname="com.internetBanking.testCases.BaseClass" name="@AfterTest tearDown" time="0.0">
    <ignored/>
  </testcase> <!-- @AfterTest tearDown -->
</testsuite> <!-- Test -->
