<?xml version="1.0" encoding="UTF-8"?>
<testng-results ignored="6" total="11" passed="5" failed="0" skipped="0">
  <reporter-output>
  </reporter-output>
  <suite started-at="2020-05-06T00:42:32 CDT" name="InternetBankingV1" finished-at="2020-05-06T00:43:31 CDT" duration-ms="58794">
    <groups>
    </groups>
    <test started-at="2020-05-06T00:42:32 CDT" name="Test" finished-at="2020-05-06T00:43:31 CDT" duration-ms="58794">
      <class name="com.internetBanking.testCases.TC_LoginTest_001">
        <test-method is-config="true" signature="setup(java.lang.String)[pri:0, instance:com.internetBanking.testCases.TC_LoginTest_001@6a03bcb1]" started-at="2020-05-06T00:42:32 CDT" name="setup" finished-at="2020-05-06T00:42:45 CDT" duration-ms="12518" status="PASS">
          <params>
            <param index="0">
              <value>
                <![CDATA[chrome]]>
              </value>
            </param>
          </params>
          <reporter-output>
          </reporter-output>
        </test-method> <!-- setup -->
        <test-method signature="loginTest()[pri:0, instance:com.internetBanking.testCases.TC_LoginTest_001@6a03bcb1]" started-at="2020-05-06T00:42:45 CDT" name="loginTest" finished-at="2020-05-06T00:42:50 CDT" duration-ms="5077" status="PASS">
          <reporter-output>
          </reporter-output>
        </test-method> <!-- loginTest -->
        <test-method is-config="true" signature="tearDown()[pri:0, instance:com.internetBanking.testCases.TC_LoginTest_001@6a03bcb1]" started-at="2020-05-06T00:43:30 CDT" name="tearDown" finished-at="2020-05-06T00:43:31 CDT" duration-ms="824" status="PASS">
          <reporter-output>
          </reporter-output>
        </test-method> <!-- tearDown -->
      </class> <!-- com.internetBanking.testCases.TC_LoginTest_001 -->
      <class name="com.internetBanking.testCases.TC_AddCustomerTest_003">
        <test-method signature="addNewCustomer()[pri:0, instance:com.internetBanking.testCases.TC_AddCustomerTest_003@57250572]" started-at="2020-05-06T00:43:09 CDT" name="addNewCustomer" finished-at="2020-05-06T00:43:25 CDT" duration-ms="16337" status="PASS">
          <reporter-output>
          </reporter-output>
        </test-method> <!-- addNewCustomer -->
      </class> <!-- com.internetBanking.testCases.TC_AddCustomerTest_003 -->
      <class name="com.internetBanking.testCases.TC_LoginDDT_002">
        <test-method signature="loginDDT(java.lang.String, java.lang.String)[pri:0, instance:com.internetBanking.testCases.TC_LoginDDT_002@21b2e768]" started-at="2020-05-06T00:42:52 CDT" name="loginDDT" data-provider="LoginData" finished-at="2020-05-06T00:43:01 CDT" duration-ms="8888" status="PASS">
          <params>
            <param index="0">
              <value>
                <![CDATA[mngr258528]]>
              </value>
            </param>
            <param index="1">
              <value>
                <![CDATA[mEmYsUj]]>
              </value>
            </param>
          </params>
          <reporter-output>
          </reporter-output>
        </test-method> <!-- loginDDT -->
        <test-method signature="loginDDT(java.lang.String, java.lang.String)[pri:0, instance:com.internetBanking.testCases.TC_LoginDDT_002@21b2e768]" started-at="2020-05-06T00:43:01 CDT" name="loginDDT" data-provider="LoginData" finished-at="2020-05-06T00:43:09 CDT" duration-ms="8017" status="PASS">
          <params>
            <param index="0">
              <value>
                <![CDATA[mngr258528]]>
              </value>
            </param>
            <param index="1">
              <value>
                <![CDATA[mEmYsUj]]>
              </value>
            </param>
          </params>
          <reporter-output>
          </reporter-output>
        </test-method> <!-- loginDDT -->
      </class> <!-- com.internetBanking.testCases.TC_LoginDDT_002 -->
      <class name="com.internetBanking.testCases.TC_EditCustomerTest_004">
        <test-method signature="editCustomer()[pri:0, instance:com.internetBanking.testCases.TC_EditCustomerTest_004@5609159b]" started-at="2020-05-06T00:43:25 CDT" name="editCustomer" finished-at="2020-05-06T00:43:30 CDT" duration-ms="4818" status="PASS">
          <reporter-output>
          </reporter-output>
        </test-method> <!-- editCustomer -->
      </class> <!-- com.internetBanking.testCases.TC_EditCustomerTest_004 -->
    </test> <!-- Test -->
  </suite> <!-- InternetBankingV1 -->
</testng-results>
