<?xml version="1.0" encoding="UTF-8"?>
<testsuite xmlns:xsi="http://www.w3.org/2001/XMLSchema-instance" xsi:noNamespaceSchemaLocation="https://maven.apache.org/surefire/maven-surefire-plugin/xsd/surefire-test-report-3.0.xsd" version="3.0" name="TestSuite" time="60.111" tests="5" errors="0" skipped="0" failures="0">
  <properties>
[...]
</properties>
  <testcase name="loginTest" classname="com.internetBanking.testCases.TC_LoginTest_001" time="5.081"/>
  <testcase name="loginDDT" classname="com.internetBanking.testCases.TC_LoginDDT_002" time="8.889"/>
  <testcase name="loginDDT" classname="com.internetBanking.testCases.TC_LoginDDT_002" time="8.017"/>
  <testcase name="addNewCustomer" classname="com.internetBanking.testCases.TC_AddCustomerTest_003" time="16.34"/>
  <testcase name="editCustomer" classname="com.internetBanking.testCases.TC_EditCustomerTest_004" time="4.819"/>
</testsuite>