<?xml version="1.0" encoding="UTF-8"?>
<testsuite xmlns:xsi="http://www.w3.org/2001/XMLSchema-instance" xsi:noNamespaceSchemaLocation="https://maven.apache.org/surefire/maven-surefire-plugin/xsd/surefire-test-report-3.0.xsd" version="3.0" name="TestSuite" time="59.642" tests="7" errors="0" skipped="0" failures="4">
  <properties>
[...]
</properties>
  <testcase name="loginTest" classname="com.internetBanking.testCases.TC_LoginTest_001" time="6.977"/>
  <testcase name="loginDDT" classname="com.internetBanking.testCases.TC_LoginDDT_002" time="4.656">
    <failure message="expected [true] but found [false]" type="java.lang.AssertionError"><![CDATA[java.lang.AssertionError: expected [true] but found [false]
	at com.internetBanking.testCases.TC_LoginDDT_002.loginDDT(TC_LoginDDT_002.java:31)
]]></failure>
    <system-out><![CDATA[ INFO [main] (TC_LoginDDT_002.java:20)- user name provided
 INFO [main] (TC_LoginDDT_002.java:22)- password provided
]]></system-out>
    <system-err><![CDATA[[1588634903.610][SEVERE]: Timed out receiving message from renderer: 0.100
]]></system-err>
  </testcase>
  <testcase name="loginDDT" classname="com.internetBanking.testCases.TC_LoginDDT_002" time="4.321">
    <failure message="expected [true] but found [false]" type="java.lang.AssertionError"><![CDATA[java.lang.AssertionError: expected [true] but found [false]
	at com.internetBanking.testCases.TC_LoginDDT_002.loginDDT(TC_LoginDDT_002.java:31)
]]></failure>
    <system-out><![CDATA[ INFO [main] (TC_LoginDDT_002.java:20)- user name provided
 INFO [main] (TC_LoginDDT_002.java:22)- password provided
]]></system-out>
  </testcase>
  <testcase name="loginDDT" classname="com.internetBanking.testCases.TC_LoginDDT_002" time="7.839"/>
  <testcase name="loginDDT" classname="com.internetBanking.testCases.TC_LoginDDT_002" time="3.971">
    <failure message="expected [true] but found [false]" type="java.lang.AssertionError"><![CDATA[java.lang.AssertionError: expected [true] but found [false]
	at com.internetBanking.testCases.TC_LoginDDT_002.loginDDT(TC_LoginDDT_002.java:31)
]]></failure>
    <system-out><![CDATA[ INFO [main] (TC_LoginDDT_002.java:20)- user name provided
 INFO [main] (TC_LoginDDT_002.java:22)- password provided
]]></system-out>
  </testcase>
  <testcase name="loginDDT" classname="com.internetBanking.testCases.TC_LoginDDT_002" time="3.963">
    <failure message="expected [true] but found [false]" type="java.lang.AssertionError"><![CDATA[java.lang.AssertionError: expected [true] but found [false]
	at com.internetBanking.testCases.TC_LoginDDT_002.loginDDT(TC_LoginDDT_002.java:31)
]]></failure>
    <system-out><![CDATA[ INFO [main] (TC_LoginDDT_002.java:20)- user name provided
 INFO [main] (TC_LoginDDT_002.java:22)- password provided
]]></system-out>
  </testcase>
  <testcase name="addNewCustomer" classname="com.internetBanking.testCases.TC_AddCustomerTest_003" time="15.178"/>
</testsuite>