<?xml version="1.0" encoding="UTF-8"?>
<testng-results ignored="4" total="8" passed="4" failed="0" skipped="0">
  <reporter-output>
  </reporter-output>
  <suite started-at="2020-05-04T20:36:23 CDT" name="InternetBankingV1" finished-at="2020-05-04T20:37:10 CDT" duration-ms="47263">
    <groups>
    </groups>
    <test started-at="2020-05-04T20:36:23 CDT" name="Test" finished-at="2020-05-04T20:37:10 CDT" duration-ms="47263">
      <class name="com.internetBanking.testCases.TC_LoginTest_001">
        <test-method is-config="true" signature="setup(java.lang.String)[pri:0, instance:com.internetBanking.testCases.TC_LoginTest_001@10163d6]" started-at="2020-05-04T20:36:23 CDT" name="setup" finished-at="2020-05-04T20:36:31 CDT" duration-ms="7559" status="PASS">
          <params>
            <param index="0">
              <value>
                <![CDATA[chrome]]>
              </value>
            </param>
          </params>
          <reporter-output>
          </reporter-output>
        </test-method> <!-- setup -->
        <test-method signature="loginTest()[pri:0, instance:com.internetBanking.testCases.TC_LoginTest_001@10163d6]" started-at="2020-05-04T20:36:31 CDT" name="loginTest" finished-at="2020-05-04T20:36:38 CDT" duration-ms="6822" status="PASS">
          <reporter-output>
          </reporter-output>
        </test-method> <!-- loginTest -->
        <test-method is-config="true" signature="tearDown()[pri:0, instance:com.internetBanking.testCases.TC_LoginTest_001@10163d6]" started-at="2020-05-04T20:37:10 CDT" name="tearDown" finished-at="2020-05-04T20:37:10 CDT" duration-ms="786" status="PASS">
          <reporter-output>
          </reporter-output>
        </test-method> <!-- tearDown -->
      </class> <!-- com.internetBanking.testCases.TC_LoginTest_001 -->
      <class name="com.internetBanking.testCases.TC_AddCustomerTest_003">
        <test-method signature="addNewCustomer()[pri:0, instance:com.internetBanking.testCases.TC_AddCustomerTest_003@15bbf42f]" started-at="2020-05-04T20:36:55 CDT" name="addNewCustomer" finished-at="2020-05-04T20:37:10 CDT" duration-ms="14520" status="PASS">
          <reporter-output>
          </reporter-output>
        </test-method> <!-- addNewCustomer -->
      </class> <!-- com.internetBanking.testCases.TC_AddCustomerTest_003 -->
      <class name="com.internetBanking.testCases.TC_LoginDDT_002">
        <test-method signature="loginDDT(java.lang.String, java.lang.String)[pri:0, instance:com.internetBanking.testCases.TC_LoginDDT_002@2dde1bff]" started-at="2020-05-04T20:36:39 CDT" name="loginDDT" data-provider="LoginData" finished-at="2020-05-04T20:36:47 CDT" duration-ms="7802" status="PASS">
          <params>
            <param index="0">
              <value>
                <![CDATA[mngr258528]]>
              </value>
            </param>
            <param index="1">
              <value>
                <![CDATA[mEmYsUj]]>
              </value>
            </param>
          </params>
          <reporter-output>
          </reporter-output>
        </test-method> <!-- loginDDT -->
        <test-method signature="loginDDT(java.lang.String, java.lang.String)[pri:0, instance:com.internetBanking.testCases.TC_LoginDDT_002@2dde1bff]" started-at="2020-05-04T20:36:47 CDT" name="loginDDT" data-provider="LoginData" finished-at="2020-05-04T20:36:55 CDT" duration-ms="7831" status="PASS">
          <params>
            <param index="0">
              <value>
                <![CDATA[mngr258528]]>
              </value>
            </param>
            <param index="1">
              <value>
                <![CDATA[mEmYsUj]]>
              </value>
            </param>
          </params>
          <reporter-output>
          </reporter-output>
        </test-method> <!-- loginDDT -->
      </class> <!-- com.internetBanking.testCases.TC_LoginDDT_002 -->
    </test> <!-- Test -->
  </suite> <!-- InternetBankingV1 -->
</testng-results>
