<?xml version="1.0" encoding="UTF-8"?>
<testng-results ignored="3" total="8" passed="5" failed="0" skipped="0">
  <reporter-output>
  </reporter-output>
  <suite started-at="2020-05-06T00:18:54 CDT" name="InternetBankingV1" finished-at="2020-05-06T00:19:47 CDT" duration-ms="53713">
    <groups>
    </groups>
    <test started-at="2020-05-06T00:18:54 CDT" name="Test" finished-at="2020-05-06T00:19:47 CDT" duration-ms="53713">
      <class name="com.internetBanking.testCases.TC_LoginTest_001">
        <test-method is-config="true" signature="setup(java.lang.String)[pri:0, instance:com.internetBanking.testCases.TC_LoginTest_001@10163d6]" started-at="2020-05-06T00:18:54 CDT" name="setup" finished-at="2020-05-06T00:19:04 CDT" duration-ms="10741" status="PASS">
          <params>
            <param index="0">
              <value>
                <![CDATA[chrome]]>
              </value>
            </param>
          </params>
          <reporter-output>
          </reporter-output>
        </test-method> <!-- setup -->
        <test-method signature="loginTest()[pri:0, instance:com.internetBanking.testCases.TC_LoginTest_001@10163d6]" started-at="2020-05-06T00:19:05 CDT" name="loginTest" finished-at="2020-05-06T00:19:07 CDT" duration-ms="2748" status="PASS">
          <reporter-output>
          </reporter-output>
        </test-method> <!-- loginTest -->
      </class> <!-- com.internetBanking.testCases.TC_LoginTest_001 -->
      <class name="com.internetBanking.testCases.TC_AddCustomerTest_003">
        <test-method signature="addNewCustomer()[pri:0, instance:com.internetBanking.testCases.TC_AddCustomerTest_003@15bbf42f]" started-at="2020-05-06T00:19:26 CDT" name="addNewCustomer" finished-at="2020-05-06T00:19:43 CDT" duration-ms="16780" status="PASS">
          <reporter-output>
          </reporter-output>
        </test-method> <!-- addNewCustomer -->
      </class> <!-- com.internetBanking.testCases.TC_AddCustomerTest_003 -->
      <class name="com.internetBanking.testCases.TC_LoginDDT_002">
        <test-method signature="loginDDT(java.lang.String, java.lang.String)[pri:0, instance:com.internetBanking.testCases.TC_LoginDDT_002@2dde1bff]" started-at="2020-05-06T00:19:09 CDT" name="loginDDT" data-provider="LoginData" finished-at="2020-05-06T00:19:18 CDT" duration-ms="9097" status="PASS">
          <params>
            <param index="0">
              <value>
                <![CDATA[mngr258528]]>
              </value>
            </param>
            <param index="1">
              <value>
                <![CDATA[mEmYsUj]]>
              </value>
            </param>
          </params>
          <reporter-output>
          </reporter-output>
        </test-method> <!-- loginDDT -->
        <test-method signature="loginDDT(java.lang.String, java.lang.String)[pri:0, instance:com.internetBanking.testCases.TC_LoginDDT_002@2dde1bff]" started-at="2020-05-06T00:19:18 CDT" name="loginDDT" data-provider="LoginData" finished-at="2020-05-06T00:19:26 CDT" duration-ms="7758" status="PASS">
          <params>
            <param index="0">
              <value>
                <![CDATA[mngr258528]]>
              </value>
            </param>
            <param index="1">
              <value>
                <![CDATA[mEmYsUj]]>
              </value>
            </param>
          </params>
          <reporter-output>
          </reporter-output>
        </test-method> <!-- loginDDT -->
      </class> <!-- com.internetBanking.testCases.TC_LoginDDT_002 -->
      <class name="com.internetBanking.testCases.TC_EditCustomerTest_004">
        <test-method signature="editCustomer()[pri:0, instance:com.internetBanking.testCases.TC_EditCustomerTest_004@550ee7e5]" started-at="2020-05-06T00:19:43 CDT" name="editCustomer" finished-at="2020-05-06T00:19:47 CDT" duration-ms="4645" status="PASS">
          <reporter-output>
          </reporter-output>
        </test-method> <!-- editCustomer -->
      </class> <!-- com.internetBanking.testCases.TC_EditCustomerTest_004 -->
    </test> <!-- Test -->
  </suite> <!-- InternetBankingV1 -->
</testng-results>
